[0.024s] Invoking command in '/home/trsa2024/ros2_lab2/build/sam_bot_description': /usr/bin/cmake --build /home/trsa2024/ros2_lab2/build/sam_bot_description -- -j4 -l4
[0.151s] -- Found ament_cmake: 1.3.6 (/opt/ros/humble/share/ament_cmake/cmake)
[0.296s] Traceback (most recent call last):
[0.296s]   File "/opt/ros/humble/share/ament_cmake_core/cmake/package_templates/templates_2_cmake.py", line 21, in <module>
[0.296s]     from ament_package.templates import get_environment_hook_template_path
[0.296s] ModuleNotFoundError: No module named 'ament_package'
[0.305s] [31mCMake Error at /opt/ros/humble/share/ament_cmake_core/cmake/ament_cmake_package_templates-extras.cmake:41 (message):
[0.305s]   execute_process(/usr/bin/python3.10
[0.305s]   /opt/ros/humble/share/ament_cmake_core/cmake/package_templates/templates_2_cmake.py
[0.305s]   /home/trsa2024/ros2_lab2/build/sam_bot_description/ament_cmake_package_templates/templates.cmake)
[0.305s]   returned error code 1
[0.305s] Call Stack (most recent call first):
[0.306s]   /opt/ros/humble/share/ament_cmake_core/cmake/ament_cmake_coreConfig.cmake:41 (include)
[0.306s]   /opt/ros/humble/share/ament_cmake/cmake/ament_cmake_export_dependencies-extras.cmake:15 (find_package)
[0.306s]   /opt/ros/humble/share/ament_cmake/cmake/ament_cmakeConfig.cmake:41 (include)
[0.306s]   CMakeLists.txt:9 (find_package)
[0.306s] 
[0.306s] [0m
[0.306s] -- Configuring incomplete, errors occurred!
[0.306s] See also "/home/trsa2024/ros2_lab2/build/sam_bot_description/CMakeFiles/CMakeOutput.log".
[0.311s] gmake: *** [Makefile:226: cmake_check_build_system] Error 1
[0.313s] Invoked command in '/home/trsa2024/ros2_lab2/build/sam_bot_description' returned '2': /usr/bin/cmake --build /home/trsa2024/ros2_lab2/build/sam_bot_description -- -j4 -l4
